This is ApacheBench, Version 2.3 <$Revision: 1706008 $>
Copyright 1996 Adam Twiss, Zeus Technology Ltd, http://www.zeustech.net/
Licensed to The Apache Software Foundation, http://www.apache.org/

Benchmarking ask-go.io (be patient)


Server Software:        nginx/1.10.0
Server Hostname:        ask-go.io
Server Port:            80

Document Path:          /login.html
Document Length:        178 bytes

Concurrency Level:      1
Time taken for tests:   240.562 seconds
Complete requests:      48858
Failed requests:        0
Non-2xx responses:      48858
Total transferred:      16465146 bytes
HTML transferred:       8696724 bytes
Requests per second:    203.10 [#/sec] (mean)
Time per request:       4.924 [ms] (mean)
Time per request:       4.924 [ms] (mean, across all concurrent requests)
Transfer rate:          66.84 [Kbytes/sec] received

Connection Times (ms)
              min  mean[+/-sd] median   max
Connect:        0    1   1.6      1      88
Processing:     1    2   2.1      2     133
Waiting:        0    0   1.0      0     106
Total:          1    4   2.8      3     138

Percentage of the requests served within a certain time (ms)
  50%      3
  66%      3
  75%      4
  80%      4
  90%      6
  95%      8
  98%     10
  99%     13
 100%    138 (longest request)
This is ApacheBench, Version 2.3 <$Revision: 1706008 $>
Copyright 1996 Adam Twiss, Zeus Technology Ltd, http://www.zeustech.net/
Licensed to The Apache Software Foundation, http://www.apache.org/

Benchmarking ask-go.io (be patient)


Server Software:        nginx/1.10.0
Server Hostname:        ask-go.io
Server Port:            80

Document Path:          /login.html
Document Length:        178 bytes

Concurrency Level:      1
Time taken for tests:   6.785 seconds
Complete requests:      1000
Failed requests:        0
Non-2xx responses:      1000
Total transferred:      337000 bytes
HTML transferred:       178000 bytes
Requests per second:    147.38 [#/sec] (mean)
Time per request:       6.785 [ms] (mean)
Time per request:       6.785 [ms] (mean, across all concurrent requests)
Transfer rate:          48.50 [Kbytes/sec] received

Connection Times (ms)
              min  mean[+/-sd] median   max
Connect:        0    2   2.0      1      16
Processing:     1    3   2.4      2      22
Waiting:        0    0   1.5      0      15
Total:          2    5   3.0      4      27

Percentage of the requests served within a certain time (ms)
  50%      4
  66%      6
  75%      6
  80%      7
  90%      8
  95%     10
  98%     15
  99%     16
 100%     27 (longest request)
This is ApacheBench, Version 2.3 <$Revision: 1706008 $>
Copyright 1996 Adam Twiss, Zeus Technology Ltd, http://www.zeustech.net/
Licensed to The Apache Software Foundation, http://www.apache.org/

Benchmarking ask-go.io (be patient)


Server Software:        nginx/1.10.0
Server Hostname:        ask-go.io
Server Port:            80

Document Path:          /login.html
Document Length:        178 bytes

Concurrency Level:      1
Time taken for tests:   7.271 seconds
Complete requests:      1000
Failed requests:        0
Non-2xx responses:      1000
Total transferred:      337000 bytes
HTML transferred:       178000 bytes
Requests per second:    137.53 [#/sec] (mean)
Time per request:       7.271 [ms] (mean)
Time per request:       7.271 [ms] (mean, across all concurrent requests)
Transfer rate:          45.26 [Kbytes/sec] received

Connection Times (ms)
              min  mean[+/-sd] median   max
Connect:        0    2   2.5      1      26
Processing:     1    3   2.5      2      26
Waiting:        0    0   1.5      0      14
Total:          1    5   3.6      5      39

Percentage of the requests served within a certain time (ms)
  50%      5
  66%      6
  75%      7
  80%      7
  90%      9
  95%     12
  98%     16
  99%     18
 100%     39 (longest request)
